warning: Git tree '/home/zepzeper/personal/nix' is dirty
warning: Nix search path entry '/nix/var/nix/profiles/per-user/root/channels' does not exist, ignoring
these 3 derivations will be built:
  /nix/store/pa3gf7rhqish5qlnfa7q6m6ycay86z1p-hm_.sshconfig.drv
  /nix/store/sf892q0yx7zljrik8lqaf08nn4zzcm1l-home-manager-files.drv
  /nix/store/ba855370dc7k5mgd51438nb4q8vgjapx-home-manager-generation.drv
building '/nix/store/pa3gf7rhqish5qlnfa7q6m6ycay86z1p-hm_.sshconfig.drv'...
building '/nix/store/sf892q0yx7zljrik8lqaf08nn4zzcm1l-home-manager-files.drv'...
building '/nix/store/ba855370dc7k5mgd51438nb4q8vgjapx-home-manager-generation.drv'...
Starting Home Manager activation
Activating checkFilesChanged
Activating checkLinkTargets
Activating writeBoundary
Activating installPackages
nix profile remove /nix/store/x2192jzj1g9ks8v9fn1c4641z0naj61l-home-manager-path
removing 'home-manager-path'
removed 1 packages, kept 0 packages
warning: 'install' is a deprecated alias for 'add'
Activating linkGeneration
Cleaning up orphan links from /home/zepzeper
Creating home file links in /home/zepzeper
Activating onFilesChange
Activating reloadSystemd
Starting units: sops-nix.service
Activating sops-nix
warning: Git tree '/home/zepzeper/personal/nix' is dirty
warning: Nix search path entry '/nix/var/nix/profiles/per-user/root/channels' does not exist, ignoring
