building the system configuration...
warning: Git tree '/home/zepzeper/personal/nix' is dirty
copying path '/nix/store/s7bvgynzfisna3jdq2cr4jx73xnhxs27-source' from 'https://cache.nixos.org'...
these 14 derivations will be built:
  /nix/store/a67g6fbj8wsgg9zzrdfwrgva0bbs1z5k-system-path.drv
  /nix/store/qgp6r5f1ridblwc61492n6v3rry6zp0k-dbus-1.drv
  /nix/store/555p057cdqlxc6m9nrd99072kpa1spqz-X-Restart-Triggers-dbus-broker.drv
  /nix/store/7dwbijzifkx67n0qpkjn1j3s61jaqy81-X-Restart-Triggers-polkit.drv
  /nix/store/ci1hl2qx7g6qaj9k4vbf4l3il6pbn26s-unit-polkit.service.drv
  /nix/store/dgbd8zysvzjxjmy3wrhm2xspr5rvi5hz-unit-pipewire-pulse.socket-disabled.drv
  /nix/store/yhak9rwgz17crwwdaflqlfdi0jvwkbwi-unit-dbus-broker.service.drv
  /nix/store/fs7pxc3psxcz6ga2y6jlwac5xb4lk6kk-user-units.drv
  /nix/store/li5af79137ivi5wsycy573vbjmcxkwpn-unit-pipewire-pulse.service-disabled.drv
  /nix/store/sdx808dg6lpxlm5aix5g629a811kpxnp-unit-dbus-broker.service.drv
  /nix/store/yj6b04cqni4iscyw7wi5l439nqasj55r-system-units.drv
  /nix/store/hai87mp1lnbqldrsya411jfhlm5ywr61-etc.drv
  /nix/store/pb7xf0mfqkhwdhgsjpp8wsvbvf1kwwb9-activate.drv
  /nix/store/nhdw35pyjmryqnfx6i1hmlgi637vzai8-nixos-system-desktop-26.05.20260401.6201e20.drv
these 2 paths will be fetched (1.27 MiB download, 4.28 MiB unpacked):
  /nix/store/s2grcjv8pklvkajk3mkh75aja5dppx6z-stdenv-linux
  /nix/store/mv27hlw2rxbch2csi5hhva1fkgd22kyx-wiremix-0.10.0
copying path '/nix/store/s2grcjv8pklvkajk3mkh75aja5dppx6z-stdenv-linux' from 'https://cache.nixos.org'...
copying path '/nix/store/mv27hlw2rxbch2csi5hhva1fkgd22kyx-wiremix-0.10.0' from 'https://cache.nixos.org'...
building '/nix/store/li5af79137ivi5wsycy573vbjmcxkwpn-unit-pipewire-pulse.service-disabled.drv'...
building '/nix/store/dgbd8zysvzjxjmy3wrhm2xspr5rvi5hz-unit-pipewire-pulse.socket-disabled.drv'...
building '/nix/store/a67g6fbj8wsgg9zzrdfwrgva0bbs1z5k-system-path.drv'...
building '/nix/store/7dwbijzifkx67n0qpkjn1j3s61jaqy81-X-Restart-Triggers-polkit.drv'...
building '/nix/store/qgp6r5f1ridblwc61492n6v3rry6zp0k-dbus-1.drv'...
building '/nix/store/ci1hl2qx7g6qaj9k4vbf4l3il6pbn26s-unit-polkit.service.drv'...
building '/nix/store/555p057cdqlxc6m9nrd99072kpa1spqz-X-Restart-Triggers-dbus-broker.drv'...
building '/nix/store/sdx808dg6lpxlm5aix5g629a811kpxnp-unit-dbus-broker.service.drv'...
building '/nix/store/yhak9rwgz17crwwdaflqlfdi0jvwkbwi-unit-dbus-broker.service.drv'...
building '/nix/store/yj6b04cqni4iscyw7wi5l439nqasj55r-system-units.drv'...
building '/nix/store/fs7pxc3psxcz6ga2y6jlwac5xb4lk6kk-user-units.drv'...
building '/nix/store/hai87mp1lnbqldrsya411jfhlm5ywr61-etc.drv'...
building '/nix/store/pb7xf0mfqkhwdhgsjpp8wsvbvf1kwwb9-activate.drv'...
building '/nix/store/nhdw35pyjmryqnfx6i1hmlgi637vzai8-nixos-system-desktop-26.05.20260401.6201e20.drv'...
Done. The new configuration is /nix/store/3p8ha5rd6ilkp008xwkx5l5g4qpm3nsg-nixos-system-desktop-26.05.20260401.6201e20
